<?xml version="1.0" encoding="UTF-8"?>
<!-- Generated by org.testng.reporters.JUnitReportReporter -->
<testsuite hostname="DESKTOP-HT9LOUA" name="testCases.TCCosting_ProjektCostingowy_ExportUslug_Test" tests="1" failures="0" timestamp="21 Apr 2016 07:34:23 GMT" time="39.776" errors="0">
  <testcase name="main" time="39.776" classname="testCases.TCCosting_ProjektCostingowy_ExportUslug_Test"/>
</testsuite> <!-- testCases.TCCosting_ProjektCostingowy_ExportUslug_Test -->
