<?xml version="1.0" encoding="UTF-8"?>
<!-- Generated by org.testng.reporters.JUnitReportReporter -->
<testsuite hostname="DESKTOP-HT9LOUA" name="testCases.TCRealizacjaCallaBladRADIOCall_Test" tests="1" failures="0" timestamp="16 May 2016 12:16:24 GMT" time="43.039" errors="0">
  <testcase name="main" time="43.039" classname="testCases.TCRealizacjaCallaBladRADIOCall_Test"/>
</testsuite> <!-- testCases.TCRealizacjaCallaBladRADIOCall_Test -->
