<?xml version="1.0" encoding="UTF-8"?>
<!-- Generated by org.testng.reporters.JUnitReportReporter -->
<testsuite hostname="DESKTOP-HT9LOUA" name="testCases.TCProcessingCall_RL_Test" tests="1" failures="0" timestamp="20 May 2016 13:01:16 GMT" time="170.907" errors="0">
  <testcase name="main" time="170.907" classname="testCases.TCProcessingCall_RL_Test"/>
</testsuite> <!-- testCases.TCProcessingCall_RL_Test -->
