<?xml version="1.0" encoding="UTF-8"?>
<!-- Generated by org.testng.reporters.JUnitReportReporter -->
<testsuite hostname="DESKTOP-HT9LOUA" name="testCases.TCTestZakladek_Test" tests="1" failures="0" timestamp="13 Apr 2016 07:45:02 GMT" time="52.701" errors="0">
  <testcase name="main" time="52.701" classname="testCases.TCTestZakladek_Test"/>
</testsuite> <!-- testCases.TCTestZakladek_Test -->
