<?xml version="1.0" encoding="UTF-8"?>
<!-- Generated by org.testng.reporters.JUnitReportReporter -->
<testsuite hostname="DESKTOP-HT9LOUA" name="testCases.TCMojeOtwarteRealizacjeFail_Test" tests="1" failures="0" timestamp="10 May 2016 11:55:53 GMT" time="38.210" errors="0">
  <testcase name="main" time="38.210" classname="testCases.TCMojeOtwarteRealizacjeFail_Test"/>
</testsuite> <!-- testCases.TCMojeOtwarteRealizacjeFail_Test -->
