<?xml version="1.0" encoding="UTF-8"?>
<!-- Generated by org.testng.reporters.JUnitReportReporter -->
<testsuite hostname="DESKTOP-HT9LOUA" name="testCases.TCKolejki_WyszukiwanieCalli_Test" tests="1" failures="0" timestamp="2 May 2016 10:39:39 GMT" time="54.702" errors="0">
  <testcase name="main" time="54.702" classname="testCases.TCKolejki_WyszukiwanieCalli_Test"/>
</testsuite> <!-- testCases.TCKolejki_WyszukiwanieCalli_Test -->
