<?xml version="1.0" encoding="UTF-8"?>
<!-- Generated by org.testng.reporters.JUnitReportReporter -->
<testsuite hostname="DESKTOP-HT9LOUA" name="testCases.TCRealizacjeLinkStareNowe_Test" tests="1" failures="0" timestamp="10 May 2016 13:23:19 GMT" time="31.239" errors="0">
  <testcase name="main" time="31.239" classname="testCases.TCRealizacjeLinkStareNowe_Test"/>
</testsuite> <!-- testCases.TCRealizacjeLinkStareNowe_Test -->
