<?xml version="1.0" encoding="UTF-8"?>
<!-- Generated by org.testng.reporters.JUnitReportReporter -->
<testsuite hostname="DESKTOP-HT9LOUA" name="testCases.TCVisibilityCalendarPBXCall_Test" tests="1" failures="0" timestamp="15 Apr 2016 10:40:47 GMT" time="25.663" errors="0">
  <testcase name="main" time="25.663" classname="testCases.TCVisibilityCalendarPBXCall_Test"/>
</testsuite> <!-- testCases.TCVisibilityCalendarPBXCall_Test -->
