<?xml version="1.0" encoding="UTF-8"?>
<!-- Generated by org.testng.reporters.JUnitReportReporter -->
<testsuite hostname="DESKTOP-HT9LOUA" name="testCases.TCProcessingCall_ZUI_Test" tests="1" failures="0" timestamp="23 May 2016 10:35:20 GMT" time="78.119" errors="0">
  <testcase name="main" time="78.119" classname="testCases.TCProcessingCall_ZUI_Test"/>
</testsuite> <!-- testCases.TCProcessingCall_ZUI_Test -->
