<?xml version="1.0" encoding="UTF-8"?>
<!-- Generated by org.testng.reporters.JUnitReportReporter -->
<testsuite hostname="DESKTOP-HT9LOUA" name="testCases.TCAddCall_Generic_fullFlow_Test" tests="1" failures="0" timestamp="16 May 2016 12:00:56 GMT" time="60.238" errors="0">
  <testcase name="main" time="60.238" classname="testCases.TCAddCall_Generic_fullFlow_Test"/>
</testsuite> <!-- testCases.TCAddCall_Generic_fullFlow_Test -->
