<?xml version="1.0" encoding="UTF-8"?>
<!-- Generated by org.testng.reporters.JUnitReportReporter -->
<testsuite hostname="DESKTOP-HT9LOUA" name="testCases.TCLogInLogOut_Test" tests="1" failures="0" timestamp="21 Apr 2016 10:08:25 GMT" time="19.636" errors="0">
  <testcase name="main" time="19.636" classname="testCases.TCLogInLogOut_Test"/>
</testsuite> <!-- testCases.TCLogInLogOut_Test -->
