<?xml version="1.0" encoding="UTF-8"?>
<!-- Generated by org.testng.reporters.JUnitReportReporter -->
<testsuite hostname="DESKTOP-HT9LOUA" name="testCases.TCKolejki_TestWyszukiwarkiRealizacji_Test" tests="1" failures="0" timestamp="27 May 2016 10:49:04 GMT" time="42.928" errors="0">
  <testcase name="main" time="42.928" classname="testCases.TCKolejki_TestWyszukiwarkiRealizacji_Test"/>
</testsuite> <!-- testCases.TCKolejki_TestWyszukiwarkiRealizacji_Test -->
