<?xml version="1.0" encoding="UTF-8"?>
<!-- Generated by org.testng.reporters.JUnitReportReporter -->
<testsuite hostname="DESKTOP-HT9LOUA" name="testCases.TCLogInLogOut_Test" tests="1" failures="0" timestamp="18 Apr 2016 08:08:09 GMT" time="27.161" errors="0">
  <testcase name="main" time="27.161" classname="testCases.TCLogInLogOut_Test"/>
</testsuite> <!-- testCases.TCLogInLogOut_Test -->
