<?xml version="1.0" encoding="UTF-8"?>
<!-- Generated by org.testng.reporters.JUnitReportReporter -->
<testsuite hostname="DESKTOP-HT9LOUA" name="testCases.TCKolejki_WyszukiwanieCalli_Test" tests="1" failures="0" timestamp="18 Apr 2016 12:41:13 GMT" time="36.965" errors="0">
  <testcase name="main" time="36.965" classname="testCases.TCKolejki_WyszukiwanieCalli_Test"/>
</testsuite> <!-- testCases.TCKolejki_WyszukiwanieCalli_Test -->
