<?xml version="1.0" encoding="UTF-8"?>
<!-- Generated by org.testng.reporters.JUnitReportReporter -->
<testsuite hostname="DESKTOP-HT9LOUA" name="testCases.TCVisibilityCalendarPBXCall_Test" tests="1" failures="0" timestamp="21 Apr 2016 09:54:42 GMT" time="18.950" errors="1">
  <testcase name="main" time="18.950" classname="testCases.TCVisibilityCalendarPBXCall_Test">
    <error type="org.openqa.selenium.ElementNotVisibleException" message="{&quot;errorMessage&quot;:&quot;Element is not currently visible and may not be manipulated&quot;,&quot;request&quot;:{&quot;headers&quot;:{&quot;Accept-Encoding&quot;:&quot;gzip,deflate&quot;,&quot;Connection&quot;:&quot;Keep-Alive&quot;,&quot;Content-Length&quot;:&quot;27&quot;,&quot;Content-Type&quot;:&quot;application/json; charset=utf-8&quot;,&quot;Host&quot;:&quot;localhost:2446&quot;,&quot;User-Agent&quot;:&quot;Apache-HttpClient/4.3.4 (java 1.5)&quot;},&quot;httpVersion&quot;:&quot;1.1&quot;,&quot;method&quot;:&quot;POST&quot;,&quot;post&quot;:&quot;{\&quot;id\&quot;:\&quot;:wdc:1461232480252\&quot;}&quot;,&quot;url&quot;:&quot;/click&quot;,&quot;urlParsed&quot;:{&quot;anchor&quot;:&quot;&quot;,&quot;query&quot;:&quot;&quot;,&quot;file&quot;:&quot;click&quot;,&quot;directory&quot;:&quot;/&quot;,&quot;path&quot;:&quot;/click&quot;,&quot;relative&quot;:&quot;/click&quot;,&quot;port&quot;:&quot;&quot;,&quot;host&quot;:&quot;&quot;,&quot;password&quot;:&quot;&quot;,&quot;user&quot;:&quot;&quot;,&quot;userInfo&quot;:&quot;&quot;,&quot;authority&quot;:&quot;&quot;,&quot;protocol&quot;:&quot;&quot;,&quot;source&quot;:&quot;/click&quot;,&quot;queryKey&quot;:{},&quot;chunks&quot;:[&quot;click&quot;]},&quot;urlOriginal&quot;:&quot;/session/089c9070-07a7-11e6-abf7-4f170bd08b1d/element/:wdc:1461232480252/click&quot;}}
Command duration or timeout: 392 milliseconds
Build info: version: &#039;2.44.0&#039;, revision: &#039;76d78cf323ce037c5f92db6c1bba601c2ac43ad8&#039;, time: &#039;2014-10-23 13:11:40&#039;
System info: host: &#039;DESKTOP-HT9LOUA&#039;, ip: &#039;192.168.10.189&#039;, os.name: &#039;Windows 8.1&#039;, os.arch: &#039;amd64&#039;, os.version: &#039;6.3&#039;, java.version: &#039;1.7.0_79&#039;
Session ID: 089c9070-07a7-11e6-abf7-4f170bd08b1d
Driver info: org.openqa.selenium.phantomjs.PhantomJSDriver
Capabilities [{platform=XP, acceptSslCerts=false, javascriptEnabled=true, browserName=phantomjs, rotatable=false, driverVersion=1.2.0, locationContextEnabled=false, version=2.1.1, cssSelectorsEnabled=true, databaseEnabled=false, handlesAlerts=false, browserConnectionEnabled=false, proxy={proxyType=direct}, nativeEvents=true, webStorageEnabled=false, driverName=ghostdriver, applicationCacheEnabled=false, takesScreenshot=true}]">
      <![CDATA[org.openqa.selenium.ElementNotVisibleException: {"errorMessage":"Element is not currently visible and may not be manipulated","request":{"headers":{"Accept-Encoding":"gzip,deflate","Connection":"Keep-Alive","Content-Length":"27","Content-Type":"application/json; charset=utf-8","Host":"localhost:2446","User-Agent":"Apache-HttpClient/4.3.4 (java 1.5)"},"httpVersion":"1.1","method":"POST","post":"{\"id\":\":wdc:1461232480252\"}","url":"/click","urlParsed":{"anchor":"","query":"","file":"click","directory":"/","path":"/click","relative":"/click","port":"","host":"","password":"","user":"","userInfo":"","authority":"","protocol":"","source":"/click","queryKey":{},"chunks":["click"]},"urlOriginal":"/session/089c9070-07a7-11e6-abf7-4f170bd08b1d/element/:wdc:1461232480252/click"}}
Command duration or timeout: 392 milliseconds
Build info: version: '2.44.0', revision: '76d78cf323ce037c5f92db6c1bba601c2ac43ad8', time: '2014-10-23 13:11:40'
System info: host: 'DESKTOP-HT9LOUA', ip: '192.168.10.189', os.name: 'Windows 8.1', os.arch: 'amd64', os.version: '6.3', java.version: '1.7.0_79'
Session ID: 089c9070-07a7-11e6-abf7-4f170bd08b1d
Driver info: org.openqa.selenium.phantomjs.PhantomJSDriver
Capabilities [{platform=XP, acceptSslCerts=false, javascriptEnabled=true, browserName=phantomjs, rotatable=false, driverVersion=1.2.0, locationContextEnabled=false, version=2.1.1, cssSelectorsEnabled=true, databaseEnabled=false, handlesAlerts=false, browserConnectionEnabled=false, proxy={proxyType=direct}, nativeEvents=true, webStorageEnabled=false, driverName=ghostdriver, applicationCacheEnabled=false, takesScreenshot=true}]
	at sun.reflect.NativeConstructorAccessorImpl.newInstance0(Native Method)
	at sun.reflect.NativeConstructorAccessorImpl.newInstance(Unknown Source)
	at sun.reflect.DelegatingConstructorAccessorImpl.newInstance(Unknown Source)
	at java.lang.reflect.Constructor.newInstance(Unknown Source)
	at org.openqa.selenium.remote.ErrorHandler.createThrowable(ErrorHandler.java:204)
	at org.openqa.selenium.remote.ErrorHandler.throwIfResponseFailed(ErrorHandler.java:156)
	at org.openqa.selenium.remote.RemoteWebDriver.execute(RemoteWebDriver.java:599)
	at org.openqa.selenium.remote.RemoteWebElement.execute(RemoteWebElement.java:268)
	at org.openqa.selenium.remote.RemoteWebElement.click(RemoteWebElement.java:79)
	at appModules.LogOut_Action.Execute_expectedAlert(LogOut_Action.java:19)
	at testCases.TCVisibilityCalendarPBXCall_Test.main(TCVisibilityCalendarPBXCall_Test.java:46)
	at sun.reflect.NativeMethodAccessorImpl.invoke0(Native Method)
	at sun.reflect.NativeMethodAccessorImpl.invoke(Unknown Source)
	at sun.reflect.DelegatingMethodAccessorImpl.invoke(Unknown Source)
	at java.lang.reflect.Method.invoke(Unknown Source)
	at org.testng.internal.MethodInvocationHelper.invokeMethod(MethodInvocationHelper.java:86)
	at org.testng.internal.Invoker.invokeMethod(Invoker.java:643)
	at org.testng.internal.Invoker.invokeTestMethod(Invoker.java:820)
	at org.testng.internal.Invoker.invokeTestMethods(Invoker.java:1128)
	at org.testng.internal.TestMethodWorker.invokeTestMethods(TestMethodWorker.java:129)
	at org.testng.internal.TestMethodWorker.run(TestMethodWorker.java:112)
	at org.testng.TestRunner.privateRun(TestRunner.java:782)
	at org.testng.TestRunner.run(TestRunner.java:632)
	at org.testng.SuiteRunner.runTest(SuiteRunner.java:366)
	at org.testng.SuiteRunner.runSequentially(SuiteRunner.java:361)
	at org.testng.SuiteRunner.privateRun(SuiteRunner.java:319)
	at org.testng.SuiteRunner.run(SuiteRunner.java:268)
	at org.testng.SuiteRunnerWorker.runSuite(SuiteRunnerWorker.java:52)
	at org.testng.SuiteRunnerWorker.run(SuiteRunnerWorker.java:86)
	at org.testng.TestNG.runSuitesSequentially(TestNG.java:1244)
	at org.testng.TestNG.runSuitesLocally(TestNG.java:1169)
	at org.testng.TestNG.run(TestNG.java:1064)
	at org.testng.remote.RemoteTestNG.run(RemoteTestNG.java:113)
	at org.testng.remote.RemoteTestNG.initAndRun(RemoteTestNG.java:206)
	at org.testng.remote.RemoteTestNG.main(RemoteTestNG.java:177)
Caused by: org.openqa.selenium.remote.ScreenshotException: Screen shot has been taken
Build info: version: '2.44.0', revision: '76d78cf323ce037c5f92db6c1bba601c2ac43ad8', time: '2014-10-23 13:11:40'
System info: host: 'DESKTOP-HT9LOUA', ip: '192.168.10.189', os.name: 'Windows 8.1', os.arch: 'amd64', os.version: '6.3', java.version: '1.7.0_79'
Driver info: driver.version: RemoteWebDriver
	at org.openqa.selenium.remote.ErrorHandler.throwIfResponseFailed(ErrorHandler.java:136)
	... 29 more
Caused by: org.openqa.selenium.ElementNotVisibleException: {"errorMessage":"Element is not currently visible and may not be manipulated","request":{"headers":{"Accept-Encoding":"gzip,deflate","Connection":"Keep-Alive","Content-Length":"27","Content-Type":"application/json; charset=utf-8","Host":"localhost:2446","User-Agent":"Apache-HttpClient/4.3.4 (java 1.5)"},"httpVersion":"1.1","method":"POST","post":"{\"id\":\":wdc:1461232480252\"}","url":"/click","urlParsed":{"anchor":"","query":"","file":"click","directory":"/","path":"/click","relative":"/click","port":"","host":"","password":"","user":"","userInfo":"","authority":"","protocol":"","source":"/click","queryKey":{},"chunks":["click"]},"urlOriginal":"/session/089c9070-07a7-11e6-abf7-4f170bd08b1d/element/:wdc:1461232480252/click"}}
Build info: version: '2.44.0', revision: '76d78cf323ce037c5f92db6c1bba601c2ac43ad8', time: '2014-10-23 13:11:40'
System info: host: 'DESKTOP-HT9LOUA', ip: '192.168.10.189', os.name: 'Windows 8.1', os.arch: 'amd64', os.version: '6.3', java.version: '1.7.0_79'
Driver info: driver.version: unknown
]]>
    </error>
  </testcase> <!-- main -->
</testsuite> <!-- testCases.TCVisibilityCalendarPBXCall_Test -->
