<?xml version="1.0" encoding="UTF-8"?>
<!-- Generated by org.testng.reporters.JUnitReportReporter -->
<testsuite hostname="DESKTOP-HT9LOUA" name="testCases.TCKolejki_WyszukiwarkaCalli__BrakPrzypisanegoUsera_Test" tests="1" failures="0" timestamp="31 May 2016 12:06:55 GMT" time="46.401" errors="0">
  <testcase name="main" time="46.401" classname="testCases.TCKolejki_WyszukiwarkaCalli__BrakPrzypisanegoUsera_Test"/>
</testsuite> <!-- testCases.TCKolejki_WyszukiwarkaCalli__BrakPrzypisanegoUsera_Test -->
