<?xml version="1.0" encoding="UTF-8"?>
<!-- Generated by org.testng.reporters.JUnitReportReporter -->
<testsuite hostname="DESKTOP-HT9LOUA" name="testCases.TCProcessingCall_Generic_Test" tests="1" failures="0" timestamp="20 May 2016 13:06:40 GMT" time="60.798" errors="0">
  <testcase name="main" time="60.798" classname="testCases.TCProcessingCall_Generic_Test"/>
</testsuite> <!-- testCases.TCProcessingCall_Generic_Test -->
