<?xml version="1.0" encoding="UTF-8"?>
<!-- Generated by org.testng.reporters.JUnitReportReporter -->
<testsuite hostname="DESKTOP-HT9LOUA" name="testCases.TCCosting_WyszukiwanieProjektuCostingowego_Test" tests="1" failures="0" timestamp="13 May 2016 12:36:41 GMT" time="35.395" errors="0">
  <testcase name="main" time="35.395" classname="testCases.TCCosting_WyszukiwanieProjektuCostingowego_Test"/>
</testsuite> <!-- testCases.TCCosting_WyszukiwanieProjektuCostingowego_Test -->
