<?xml version="1.0" encoding="UTF-8"?>
<!-- Generated by org.testng.reporters.JUnitReportReporter -->
<testsuite hostname="DESKTOP-HT9LOUA" name="testCases.TCCosting_WyszukiwanieProjektuCostingowego_Test" tests="1" failures="0" timestamp="31 May 2016 12:37:20 GMT" time="33.077" errors="0">
  <testcase name="main" time="33.077" classname="testCases.TCCosting_WyszukiwanieProjektuCostingowego_Test"/>
</testsuite> <!-- testCases.TCCosting_WyszukiwanieProjektuCostingowego_Test -->
