<?xml version="1.0" encoding="UTF-8"?>
<!-- Generated by org.testng.reporters.JUnitReportReporter -->
<testsuite hostname="DESKTOP-HT9LOUA" name="testCases.TCCosting_WyszukiwanieProjektuCostingowego_Test" tests="1" failures="0" timestamp="20 Apr 2016 13:06:54 GMT" time="34.421" errors="0">
  <testcase name="main" time="34.421" classname="testCases.TCCosting_WyszukiwanieProjektuCostingowego_Test"/>
</testsuite> <!-- testCases.TCCosting_WyszukiwanieProjektuCostingowego_Test -->
