<?xml version="1.0" encoding="UTF-8"?>
<!-- Generated by org.testng.reporters.JUnitReportReporter -->
<testsuite hostname="DESKTOP-HT9LOUA" name="testCases.TCCosting_ProjektCostingowy_ExportUslug_Test" tests="1" failures="0" timestamp="13 May 2016 12:36:41 GMT" time="42.542" errors="0">
  <testcase name="main" time="42.542" classname="testCases.TCCosting_ProjektCostingowy_ExportUslug_Test"/>
</testsuite> <!-- testCases.TCCosting_ProjektCostingowy_ExportUslug_Test -->
