<?xml version="1.0" encoding="UTF-8"?>
<!-- Generated by org.testng.reporters.JUnitReportReporter -->
<testsuite hostname="DESKTOP-HT9LOUA" name="testCases.TCCosting_WyszukiwanieProjektuCostingowego_Test" tests="1" failures="0" timestamp="23 May 2016 12:37:02 GMT" time="30.179" errors="0">
  <testcase name="main" time="30.179" classname="testCases.TCCosting_WyszukiwanieProjektuCostingowego_Test"/>
</testsuite> <!-- testCases.TCCosting_WyszukiwanieProjektuCostingowego_Test -->
